<?xml version="1.0" encoding="UTF-8"?>
<!-- Generated by org.testng.reporters.JUnitReportReporter -->
<testsuite hostname="LAPTOP-9Q5102V8" failures="0" tests="1" name="testcase.sanity.SignUpUserTest" time="20.136" errors="0" timestamp="2023-08-21T19:59:44 CST" skipped="0">
  <testcase classname="testcase.sanity.SignUpUserTest" name="signUpTest" time="20.136"/>
</testsuite> <!-- testcase.sanity.SignUpUserTest -->
